{"level":"\u001b[32minfo\u001b[39m","message":"{\"method\":\"OPTIONS\",\"url\":\"/api/addEmp\",\"status\":\"204\",\"responseTime\":\"8.799\"}","timestamp":"2025-03-01T23:09:34.983Z"}
{"level":"\u001b[32minfo\u001b[39m","message":"{\"method\":\"POST\",\"url\":\"/api/addEmp\",\"status\":\"404\",\"responseTime\":\"3.146\"}","timestamp":"2025-03-01T23:09:35.390Z"}
{"level":"\u001b[32minfo\u001b[39m","message":"{\"method\":\"OPTIONS\",\"url\":\"/api/emp/addEmp\",\"status\":\"204\",\"responseTime\":\"0.864\"}","timestamp":"2025-03-01T23:11:10.293Z"}
{"level":"\u001b[32minfo\u001b[39m","message":"{\"method\":\"POST\",\"url\":\"/api/emp/addEmp\",\"status\":\"201\",\"responseTime\":\"277.125\"}","timestamp":"2025-03-01T23:11:10.580Z"}
{"level":"\u001b[32minfo\u001b[39m","message":"{\"method\":\"GET\",\"url\":\"/api/emp/getEmp\",\"status\":\"201\",\"responseTime\":\"25.013\"}","timestamp":"2025-03-01T23:20:29.455Z"}
{"level":"\u001b[32minfo\u001b[39m","message":"{\"method\":\"GET\",\"url\":\"/api/emp/getEmp\",\"status\":\"201\",\"responseTime\":\"4.312\"}","timestamp":"2025-03-01T23:20:29.466Z"}
{"level":"\u001b[32minfo\u001b[39m","message":"{\"method\":\"GET\",\"url\":\"/api/emp/getEmp\",\"status\":\"201\",\"responseTime\":\"70.058\"}","timestamp":"2025-03-01T23:27:59.643Z"}
{"level":"\u001b[32minfo\u001b[39m","message":"{\"method\":\"GET\",\"url\":\"/api/emp/getEmp\",\"status\":\"201\",\"responseTime\":\"3.004\"}","timestamp":"2025-03-01T23:28:05.393Z"}
{"level":"\u001b[32minfo\u001b[39m","message":"{\"method\":\"GET\",\"url\":\"/api/emp/getEmp\",\"status\":\"201\",\"responseTime\":\"10.252\"}","timestamp":"2025-03-01T23:28:05.429Z"}
{"level":"\u001b[32minfo\u001b[39m","message":"{\"method\":\"GET\",\"url\":\"/api/emp/getEmp\",\"status\":\"201\",\"responseTime\":\"18.655\"}","timestamp":"2025-03-01T23:30:40.703Z"}
{"level":"\u001b[32minfo\u001b[39m","message":"{\"method\":\"GET\",\"url\":\"/api/emp/getEmp\",\"status\":\"201\",\"responseTime\":\"107.984\"}","timestamp":"2025-03-01T23:30:40.846Z"}
{"level":"\u001b[32minfo\u001b[39m","message":"{\"method\":\"GET\",\"url\":\"/api/emp/getEmp\",\"status\":\"201\",\"responseTime\":\"1613.315\"}","timestamp":"2025-03-01T23:39:59.465Z"}
{"level":"\u001b[32minfo\u001b[39m","message":"{\"method\":\"GET\",\"url\":\"/api/emp/getEmp\",\"status\":\"201\",\"responseTime\":\"1082.915\"}","timestamp":"2025-03-01T23:40:31.715Z"}
{"level":"\u001b[32minfo\u001b[39m","message":"{\"method\":\"GET\",\"url\":\"/api/emp/getEmp\",\"status\":\"201\",\"responseTime\":\"146.439\"}","timestamp":"2025-03-02T11:28:49.973Z"}
{"level":"\u001b[32minfo\u001b[39m","message":"{\"method\":\"GET\",\"url\":\"/api/emp/getEmp\",\"status\":\"201\",\"responseTime\":\"4.304\"}","timestamp":"2025-03-02T11:28:49.990Z"}
{"level":"\u001b[32minfo\u001b[39m","message":"{\"method\":\"GET\",\"url\":\"/api/emp/getEmp\",\"status\":\"201\",\"responseTime\":\"104.014\"}","timestamp":"2025-03-02T11:38:22.166Z"}
{"level":"\u001b[32minfo\u001b[39m","message":"{\"method\":\"GET\",\"url\":\"/api/emp/getEmp\",\"status\":\"201\",\"responseTime\":\"13.882\"}","timestamp":"2025-03-02T11:38:22.188Z"}
{"level":"\u001b[32minfo\u001b[39m","message":"{\"method\":\"GET\",\"url\":\"/api/emp/getEmp\",\"status\":\"201\",\"responseTime\":\"79.901\"}","timestamp":"2025-03-02T11:38:57.872Z"}
{"level":"\u001b[32minfo\u001b[39m","message":"{\"method\":\"GET\",\"url\":\"/api/emp/getEmp\",\"status\":\"201\",\"responseTime\":\"12.161\"}","timestamp":"2025-03-02T11:38:57.894Z"}
{"level":"\u001b[32minfo\u001b[39m","message":"{\"method\":\"GET\",\"url\":\"/api/emp/getEmp\",\"status\":\"201\",\"responseTime\":\"45.400\"}","timestamp":"2025-03-02T11:41:06.793Z"}
{"level":"\u001b[32minfo\u001b[39m","message":"{\"method\":\"GET\",\"url\":\"/api/emp/getEmp\",\"status\":\"201\",\"responseTime\":\"5.475\"}","timestamp":"2025-03-02T11:41:06.806Z"}
{"level":"\u001b[32minfo\u001b[39m","message":"{\"method\":\"GET\",\"url\":\"/api/emp/getEmp\",\"status\":\"201\",\"responseTime\":\"28.420\"}","timestamp":"2025-03-02T11:43:07.953Z"}
{"level":"\u001b[32minfo\u001b[39m","message":"{\"method\":\"GET\",\"url\":\"/api/emp/getEmp\",\"status\":\"201\",\"responseTime\":\"19.049\"}","timestamp":"2025-03-02T11:43:07.992Z"}
{"level":"\u001b[32minfo\u001b[39m","message":"{\"method\":\"GET\",\"url\":\"/api/emp/getEmp\",\"status\":\"201\",\"responseTime\":\"2.501\"}","timestamp":"2025-03-02T11:43:14.318Z"}
{"level":"\u001b[32minfo\u001b[39m","message":"{\"method\":\"GET\",\"url\":\"/api/emp/getEmp\",\"status\":\"201\",\"responseTime\":\"6.605\"}","timestamp":"2025-03-02T11:43:14.363Z"}
{"level":"\u001b[32minfo\u001b[39m","message":"{\"method\":\"GET\",\"url\":\"/api/emp/getEmp\",\"status\":\"201\",\"responseTime\":\"28.549\"}","timestamp":"2025-03-02T11:45:41.713Z"}
{"level":"\u001b[32minfo\u001b[39m","message":"{\"method\":\"GET\",\"url\":\"/api/emp/getEmp\",\"status\":\"201\",\"responseTime\":\"4.098\"}","timestamp":"2025-03-02T11:45:41.747Z"}
{"level":"\u001b[32minfo\u001b[39m","message":"{\"method\":\"GET\",\"url\":\"/api/emp/getEmp\",\"status\":\"201\",\"responseTime\":\"53.517\"}","timestamp":"2025-03-02T11:46:08.296Z"}
{"level":"\u001b[32minfo\u001b[39m","message":"{\"method\":\"GET\",\"url\":\"/api/emp/getEmp\",\"status\":\"201\",\"responseTime\":\"2.326\"}","timestamp":"2025-03-02T11:46:08.301Z"}
{"level":"\u001b[32minfo\u001b[39m","message":"{\"method\":\"GET\",\"url\":\"/api/emp/getEmp\",\"status\":\"201\",\"responseTime\":\"32.064\"}","timestamp":"2025-03-02T11:53:03.440Z"}
{"level":"\u001b[32minfo\u001b[39m","message":"{\"method\":\"GET\",\"url\":\"/api/emp/getEmp\",\"status\":\"201\",\"responseTime\":\"3.568\"}","timestamp":"2025-03-02T11:53:03.447Z"}
{"level":"\u001b[32minfo\u001b[39m","message":"{\"method\":\"GET\",\"url\":\"/api/emp/getEmp\",\"status\":\"201\",\"responseTime\":\"19.733\"}","timestamp":"2025-03-02T12:02:36.902Z"}
{"level":"\u001b[32minfo\u001b[39m","message":"{\"method\":\"GET\",\"url\":\"/api/emp/getEmp\",\"status\":\"201\",\"responseTime\":\"32.655\"}","timestamp":"2025-03-02T12:02:36.941Z"}
{"level":"\u001b[32minfo\u001b[39m","message":"{\"method\":\"GET\",\"url\":\"/api/emp/getEmp\",\"status\":\"201\",\"responseTime\":\"6.216\"}","timestamp":"2025-03-02T12:05:59.913Z"}
{"level":"\u001b[32minfo\u001b[39m","message":"{\"method\":\"GET\",\"url\":\"/api/emp/getEmp\",\"status\":\"201\",\"responseTime\":\"50.035\"}","timestamp":"2025-03-02T12:07:54.921Z"}
{"level":"\u001b[32minfo\u001b[39m","message":"{\"method\":\"GET\",\"url\":\"/api/emp/getEmp\",\"status\":\"201\",\"responseTime\":\"117.942\"}","timestamp":"2025-03-02T12:30:09.432Z"}
{"level":"\u001b[32minfo\u001b[39m","message":"{\"method\":\"GET\",\"url\":\"/api/emp/getEmp\",\"status\":\"201\",\"responseTime\":\"4.028\"}","timestamp":"2025-03-02T12:30:09.447Z"}
{"level":"\u001b[32minfo\u001b[39m","message":"{\"method\":\"GET\",\"url\":\"/api/emp/getEmp\",\"status\":\"201\",\"responseTime\":\"70.799\"}","timestamp":"2025-03-02T12:35:16.762Z"}
{"level":"\u001b[32minfo\u001b[39m","message":"{\"method\":\"GET\",\"url\":\"/api/emp/getEmp\",\"status\":\"201\",\"responseTime\":\"22.116\"}","timestamp":"2025-03-02T12:35:16.798Z"}
{"level":"\u001b[32minfo\u001b[39m","message":"{\"method\":\"OPTIONS\",\"url\":\"/api/emp/addEmp\",\"status\":\"204\",\"responseTime\":\"1.100\"}","timestamp":"2025-03-02T12:35:48.965Z"}
{"level":"\u001b[32minfo\u001b[39m","message":"{\"method\":\"POST\",\"url\":\"/api/emp/addEmp\",\"status\":\"201\",\"responseTime\":\"417.216\"}","timestamp":"2025-03-02T12:35:49.959Z"}
{"level":"\u001b[32minfo\u001b[39m","message":"{\"method\":\"GET\",\"url\":\"/api/emp/getEmp\",\"status\":\"201\",\"responseTime\":\"6.197\"}","timestamp":"2025-03-02T12:36:05.396Z"}
{"level":"\u001b[32minfo\u001b[39m","message":"{\"method\":\"GET\",\"url\":\"/api/emp/getEmp\",\"status\":\"201\",\"responseTime\":\"3.508\"}","timestamp":"2025-03-02T12:36:05.410Z"}
{"level":"\u001b[32minfo\u001b[39m","message":"{\"method\":\"GET\",\"url\":\"/api/emp/getEmp\",\"status\":\"201\",\"responseTime\":\"30.059\"}","timestamp":"2025-03-02T12:47:27.015Z"}
{"level":"\u001b[32minfo\u001b[39m","message":"{\"method\":\"GET\",\"url\":\"/api/emp/getEmp\",\"status\":\"201\",\"responseTime\":\"31.557\"}","timestamp":"2025-03-02T12:49:28.908Z"}
{"level":"\u001b[32minfo\u001b[39m","message":"{\"method\":\"OPTIONS\",\"url\":\"/api/emp/addEmp\",\"status\":\"204\",\"responseTime\":\"0.456\"}","timestamp":"2025-03-02T12:53:43.698Z"}
{"level":"\u001b[32minfo\u001b[39m","message":"{\"method\":\"POST\",\"url\":\"/api/emp/addEmp\",\"status\":\"201\",\"responseTime\":\"311.964\"}","timestamp":"2025-03-02T12:53:44.016Z"}
{"level":"\u001b[32minfo\u001b[39m","message":"{\"method\":\"OPTIONS\",\"url\":\"/api/emp/addEmp\",\"status\":\"204\",\"responseTime\":\"0.524\"}","timestamp":"2025-03-02T12:55:15.433Z"}
{"level":"\u001b[32minfo\u001b[39m","message":"{\"method\":\"POST\",\"url\":\"/api/emp/addEmp\",\"status\":\"201\",\"responseTime\":\"189.692\"}","timestamp":"2025-03-02T12:55:15.630Z"}
{"level":"\u001b[32minfo\u001b[39m","message":"{\"method\":\"GET\",\"url\":\"/api/emp/getEmp\",\"status\":\"201\",\"responseTime\":\"4.115\"}","timestamp":"2025-03-02T12:55:18.975Z"}
{"level":"\u001b[32minfo\u001b[39m","message":"{\"method\":\"GET\",\"url\":\"/api/emp/getEmp\",\"status\":\"201\",\"responseTime\":\"7.833\"}","timestamp":"2025-03-02T12:55:18.996Z"}
{"level":"\u001b[32minfo\u001b[39m","message":"{\"method\":\"GET\",\"url\":\"/api/emp/getEmp\",\"status\":\"201\",\"responseTime\":\"93.337\"}","timestamp":"2025-03-02T13:00:31.089Z"}
{"level":"\u001b[32minfo\u001b[39m","message":"{\"method\":\"GET\",\"url\":\"/api/emp/getEmp\",\"status\":\"201\",\"responseTime\":\"58.933\"}","timestamp":"2025-03-02T13:00:31.327Z"}
{"level":"\u001b[32minfo\u001b[39m","message":"{\"method\":\"OPTIONS\",\"url\":\"/api/emp/addEmp\",\"status\":\"204\",\"responseTime\":\"0.391\"}","timestamp":"2025-03-02T13:00:50.366Z"}
{"level":"\u001b[32minfo\u001b[39m","message":"{\"method\":\"POST\",\"url\":\"/api/emp/addEmp\",\"status\":\"201\",\"responseTime\":\"86.189\"}","timestamp":"2025-03-02T13:00:50.458Z"}
{"level":"\u001b[32minfo\u001b[39m","message":"{\"method\":\"GET\",\"url\":\"/api/emp/getEmp\",\"status\":\"201\",\"responseTime\":\"20.273\"}","timestamp":"2025-03-02T13:00:53.628Z"}
{"level":"\u001b[32minfo\u001b[39m","message":"{\"method\":\"GET\",\"url\":\"/api/emp/getEmp\",\"status\":\"201\",\"responseTime\":\"28.890\"}","timestamp":"2025-03-02T13:00:53.689Z"}
{"level":"\u001b[32minfo\u001b[39m","message":"{\"method\":\"GET\",\"url\":\"/api/emp/getEmp\",\"status\":\"201\",\"responseTime\":\"52.022\"}","timestamp":"2025-03-02T13:05:30.863Z"}
{"level":"\u001b[32minfo\u001b[39m","message":"{\"method\":\"GET\",\"url\":\"/api/emp/getEmp\",\"status\":\"201\",\"responseTime\":\"65.606\"}","timestamp":"2025-03-02T13:05:31.179Z"}
{"level":"\u001b[32minfo\u001b[39m","message":"{\"method\":\"OPTIONS\",\"url\":\"/api/emp/addEmp\",\"status\":\"204\",\"responseTime\":\"0.402\"}","timestamp":"2025-03-02T13:09:58.257Z"}
{"level":"\u001b[32minfo\u001b[39m","message":"{\"method\":\"POST\",\"url\":\"/api/emp/addEmp\",\"status\":\"201\",\"responseTime\":\"376.503\"}","timestamp":"2025-03-02T13:09:58.689Z"}
{"level":"\u001b[32minfo\u001b[39m","message":"{\"method\":\"GET\",\"url\":\"/api/emp/getEmp\",\"status\":\"201\",\"responseTime\":\"536.679\"}","timestamp":"2025-03-02T13:10:02.556Z"}
{"level":"\u001b[32minfo\u001b[39m","message":"{\"method\":\"GET\",\"url\":\"/api/emp/getEmp\",\"status\":\"201\",\"responseTime\":\"51.389\"}","timestamp":"2025-03-02T13:10:02.746Z"}
{"level":"\u001b[32minfo\u001b[39m","message":"{\"method\":\"OPTIONS\",\"url\":\"/api/emp/addEmp\",\"status\":\"204\",\"responseTime\":\"0.586\"}","timestamp":"2025-03-02T13:14:51.244Z"}
{"level":"\u001b[32minfo\u001b[39m","message":"{\"method\":\"POST\",\"url\":\"/api/emp/addEmp\",\"status\":\"201\",\"responseTime\":\"324.505\"}","timestamp":"2025-03-02T13:14:51.619Z"}
{"level":"\u001b[32minfo\u001b[39m","message":"{\"method\":\"GET\",\"url\":\"/api/emp/getEmp\",\"status\":\"201\",\"responseTime\":\"84.405\"}","timestamp":"2025-03-02T13:14:57.250Z"}
{"level":"\u001b[32minfo\u001b[39m","message":"{\"method\":\"GET\",\"url\":\"/api/emp/getEmp\",\"status\":\"201\",\"responseTime\":\"65.857\"}","timestamp":"2025-03-02T13:14:57.322Z"}
{"level":"\u001b[32minfo\u001b[39m","message":"{\"method\":\"GET\",\"url\":\"/api/emp/getEmp\",\"status\":\"201\",\"responseTime\":\"44.277\"}","timestamp":"2025-03-02T13:16:10.571Z"}
{"level":"\u001b[32minfo\u001b[39m","message":"{\"method\":\"GET\",\"url\":\"/api/emp/getEmp\",\"status\":\"201\",\"responseTime\":\"27.753\"}","timestamp":"2025-03-02T13:16:10.625Z"}
{"level":"\u001b[32minfo\u001b[39m","message":"{\"method\":\"OPTIONS\",\"url\":\"/api/emp/addEmp\",\"status\":\"204\",\"responseTime\":\"0.533\"}","timestamp":"2025-03-02T13:17:53.713Z"}
{"level":"\u001b[32minfo\u001b[39m","message":"{\"method\":\"POST\",\"url\":\"/api/emp/addEmp\",\"status\":\"201\",\"responseTime\":\"54.723\"}","timestamp":"2025-03-02T13:17:53.782Z"}
{"level":"\u001b[32minfo\u001b[39m","message":"{\"method\":\"GET\",\"url\":\"/api/emp/getEmp\",\"status\":\"201\",\"responseTime\":\"34.953\"}","timestamp":"2025-03-02T13:17:57.145Z"}
{"level":"\u001b[32minfo\u001b[39m","message":"{\"method\":\"GET\",\"url\":\"/api/emp/getEmp\",\"status\":\"201\",\"responseTime\":\"3.705\"}","timestamp":"2025-03-02T13:17:57.162Z"}
{"level":"\u001b[32minfo\u001b[39m","message":"{\"method\":\"OPTIONS\",\"url\":\"/api/emp/addEmp\",\"status\":\"204\",\"responseTime\":\"0.493\"}","timestamp":"2025-03-02T13:20:11.249Z"}
{"level":"\u001b[32minfo\u001b[39m","message":"{\"method\":\"POST\",\"url\":\"/api/emp/addEmp\",\"status\":\"201\",\"responseTime\":\"266.044\"}","timestamp":"2025-03-02T13:20:11.587Z"}
{"level":"\u001b[32minfo\u001b[39m","message":"{\"method\":\"GET\",\"url\":\"/api/emp/getEmp\",\"status\":\"201\",\"responseTime\":\"64.659\"}","timestamp":"2025-03-02T13:20:48.922Z"}
{"level":"\u001b[32minfo\u001b[39m","message":"{\"method\":\"GET\",\"url\":\"/api/emp/getEmp\",\"status\":\"201\",\"responseTime\":\"11.072\"}","timestamp":"2025-03-02T13:20:48.956Z"}
{"level":"\u001b[32minfo\u001b[39m","message":"{\"method\":\"GET\",\"url\":\"/api/emp/getEmp\",\"status\":\"201\",\"responseTime\":\"43.033\"}","timestamp":"2025-03-02T13:21:57.989Z"}
{"level":"\u001b[32minfo\u001b[39m","message":"{\"method\":\"GET\",\"url\":\"/api/emp/getEmp\",\"status\":\"201\",\"responseTime\":\"200.671\"}","timestamp":"2025-03-02T13:21:58.195Z"}
{"level":"\u001b[32minfo\u001b[39m","message":"{\"method\":\"OPTIONS\",\"url\":\"/api/emp/addEmp\",\"status\":\"204\",\"responseTime\":\"0.300\"}","timestamp":"2025-03-02T13:27:56.427Z"}
{"level":"\u001b[32minfo\u001b[39m","message":"{\"method\":\"POST\",\"url\":\"/api/emp/addEmp\",\"status\":\"201\",\"responseTime\":\"241.250\"}","timestamp":"2025-03-02T13:27:56.746Z"}
{"level":"\u001b[32minfo\u001b[39m","message":"{\"method\":\"OPTIONS\",\"url\":\"/api/emp/addEmp\",\"status\":\"204\",\"responseTime\":\"0.515\"}","timestamp":"2025-03-02T13:30:33.049Z"}
{"level":"\u001b[32minfo\u001b[39m","message":"{\"method\":\"POST\",\"url\":\"/api/emp/addEmp\",\"status\":\"201\",\"responseTime\":\"347.682\"}","timestamp":"2025-03-02T13:30:33.411Z"}
{"level":"\u001b[32minfo\u001b[39m","message":"{\"method\":\"GET\",\"url\":\"/api/emp/getEmp\",\"status\":\"201\",\"responseTime\":\"27.206\"}","timestamp":"2025-03-02T13:31:23.787Z"}
{"level":"\u001b[32minfo\u001b[39m","message":"{\"method\":\"GET\",\"url\":\"/api/emp/getEmp\",\"status\":\"201\",\"responseTime\":\"3.512\"}","timestamp":"2025-03-02T13:31:23.805Z"}
{"level":"\u001b[32minfo\u001b[39m","message":"{\"method\":\"OPTIONS\",\"url\":\"/api/emp/addEmp\",\"status\":\"204\",\"responseTime\":\"0.394\"}","timestamp":"2025-03-02T13:31:36.049Z"}
{"level":"\u001b[32minfo\u001b[39m","message":"{\"method\":\"POST\",\"url\":\"/api/emp/addEmp\",\"status\":\"201\",\"responseTime\":\"124.162\"}","timestamp":"2025-03-02T13:31:36.212Z"}
{"level":"\u001b[32minfo\u001b[39m","message":"{\"method\":\"GET\",\"url\":\"/api/emp/getEmp\",\"status\":\"201\",\"responseTime\":\"4.508\"}","timestamp":"2025-03-02T13:31:36.368Z"}
{"level":"\u001b[32minfo\u001b[39m","message":"{\"method\":\"GET\",\"url\":\"/api/emp/getEmp\",\"status\":\"201\",\"responseTime\":\"3.662\"}","timestamp":"2025-03-02T13:31:36.378Z"}
{"level":"\u001b[32minfo\u001b[39m","message":"{\"method\":\"GET\",\"url\":\"/api/emp/getEmp\",\"status\":\"201\",\"responseTime\":\"177.245\"}","timestamp":"2025-03-02T13:45:01.979Z"}
{"level":"\u001b[32minfo\u001b[39m","message":"{\"method\":\"GET\",\"url\":\"/api/emp/getEmp\",\"status\":\"201\",\"responseTime\":\"8.440\"}","timestamp":"2025-03-02T13:45:02.051Z"}
{"level":"\u001b[32minfo\u001b[39m","message":"{\"method\":\"OPTIONS\",\"url\":\"/api/emp/addEmp\",\"status\":\"204\",\"responseTime\":\"0.509\"}","timestamp":"2025-03-02T13:45:17.452Z"}
{"level":"\u001b[32minfo\u001b[39m","message":"{\"method\":\"POST\",\"url\":\"/api/emp/addEmp\",\"status\":\"201\",\"responseTime\":\"246.776\"}","timestamp":"2025-03-02T13:45:17.708Z"}
{"level":"\u001b[32minfo\u001b[39m","message":"{\"method\":\"GET\",\"url\":\"/api/emp/getEmp\",\"status\":\"201\",\"responseTime\":\"68.510\"}","timestamp":"2025-03-02T13:45:18.106Z"}
{"level":"\u001b[32minfo\u001b[39m","message":"{\"method\":\"GET\",\"url\":\"/api/emp/getEmp\",\"status\":\"201\",\"responseTime\":\"4.008\"}","timestamp":"2025-03-02T13:45:18.219Z"}
{"level":"\u001b[32minfo\u001b[39m","message":"{\"method\":\"POST\",\"url\":\"/api/files/upload\",\"status\":\"500\",\"responseTime\":\"16.905\"}","timestamp":"2025-04-19T16:35:06.701Z"}
{"level":"\u001b[32minfo\u001b[39m","message":"{\"method\":\"POST\",\"url\":\"/api/files/upload\",\"status\":\"201\",\"responseTime\":\"72.618\"}","timestamp":"2025-04-19T16:42:34.552Z"}
{"level":"\u001b[32minfo\u001b[39m","message":"{\"method\":\"POST\",\"url\":\"/api/files/upload\",\"status\":\"201\",\"responseTime\":\"55.614\"}","timestamp":"2025-04-19T16:50:09.808Z"}
{"level":"\u001b[32minfo\u001b[39m","message":"{\"method\":\"GET\",\"url\":\"/api/files?folderId=0\",\"status\":\"500\",\"responseTime\":\"13.439\"}","timestamp":"2025-04-19T16:54:47.157Z"}
{"level":"\u001b[32minfo\u001b[39m","message":"{\"method\":\"GET\",\"url\":\"/api/files?folderId=0\",\"status\":\"200\",\"responseTime\":\"49.495\"}","timestamp":"2025-04-19T16:56:40.051Z"}
{"level":"\u001b[32minfo\u001b[39m","message":"{\"method\":\"DELETE\",\"url\":\"/api/files/2\",\"status\":\"200\",\"responseTime\":\"72.789\"}","timestamp":"2025-04-19T16:59:11.113Z"}
{"level":"\u001b[32minfo\u001b[39m","message":"{\"method\":\"PUT\",\"url\":\"/api/files/1\",\"status\":\"500\",\"responseTime\":\"45.964\"}","timestamp":"2025-04-19T17:13:10.932Z"}
{"level":"\u001b[32minfo\u001b[39m","message":"{\"method\":\"PUT\",\"url\":\"/api/files/1\",\"status\":\"200\",\"responseTime\":\"86.110\"}","timestamp":"2025-04-19T17:14:52.813Z"}
{"level":"\u001b[32minfo\u001b[39m","message":"{\"method\":\"POST\",\"url\":\"/api/user/register\",\"status\":\"201\",\"responseTime\":\"290.460\"}","timestamp":"2025-04-20T01:14:49.184Z"}
{"level":"\u001b[32minfo\u001b[39m","message":"{\"method\":\"POST\",\"url\":\"/api/user/login\",\"status\":\"200\",\"responseTime\":\"133.218\"}","timestamp":"2025-04-20T01:15:28.308Z"}
{"level":"\u001b[32minfo\u001b[39m","message":"{\"method\":\"GET\",\"url\":\"/api/fils/\",\"status\":\"404\",\"responseTime\":\"2.882\"}","timestamp":"2025-04-20T01:41:53.424Z"}
{"level":"\u001b[32minfo\u001b[39m","message":"{\"method\":\"GET\",\"url\":\"/api/files/\",\"status\":\"403\",\"responseTime\":\"18.336\"}","timestamp":"2025-04-20T01:42:25.768Z"}
{"level":"\u001b[32minfo\u001b[39m","message":"{\"method\":\"GET\",\"url\":\"/api/files/\",\"status\":\"200\",\"responseTime\":\"51.649\"}","timestamp":"2025-04-20T01:43:41.478Z"}
{"level":"\u001b[32minfo\u001b[39m","message":"{\"method\":\"GET\",\"url\":\"/api/files/\",\"status\":\"200\",\"responseTime\":\"88.258\"}","timestamp":"2025-04-20T02:21:02.258Z"}
{"level":"\u001b[32minfo\u001b[39m","message":"{\"method\":\"GET\",\"url\":\"/api/files/\",\"status\":\"200\",\"responseTime\":\"14.250\"}","timestamp":"2025-04-20T02:22:49.358Z"}
{"level":"\u001b[32minfo\u001b[39m","message":"{\"method\":\"POST\",\"url\":\"/api/fo/lder\",\"status\":\"404\",\"responseTime\":\"1.586\"}","timestamp":"2025-04-20T02:23:52.637Z"}
{"level":"\u001b[32minfo\u001b[39m","message":"{\"method\":\"POST\",\"url\":\"/api/fo/lder/\",\"status\":\"404\",\"responseTime\":\"0.344\"}","timestamp":"2025-04-20T02:24:10.084Z"}
{"level":"\u001b[32minfo\u001b[39m","message":"{\"method\":\"POST\",\"url\":\"/api/folder/\",\"status\":\"404\",\"responseTime\":\"0.233\"}","timestamp":"2025-04-20T02:24:27.460Z"}
{"level":"\u001b[32minfo\u001b[39m","message":"{\"method\":\"POST\",\"url\":\"/api/folders/\",\"status\":\"201\",\"responseTime\":\"123.527\"}","timestamp":"2025-04-20T02:25:13.313Z"}
{"level":"\u001b[32minfo\u001b[39m","message":"{\"method\":\"POST\",\"url\":\"/api/user/logout\",\"status\":\"200\",\"responseTime\":\"1.948\"}","timestamp":"2025-04-20T02:36:22.569Z"}
{"level":"\u001b[32minfo\u001b[39m","message":"{\"method\":\"OPTIONS\",\"url\":\"/api/files\",\"status\":\"500\",\"responseTime\":\"6.129\"}","timestamp":"2025-04-20T02:58:18.341Z"}
{"level":"\u001b[32minfo\u001b[39m","message":"{\"method\":\"GET\",\"url\":\"/api/files\",\"status\":\"500\",\"responseTime\":\"1.318\"}","timestamp":"2025-04-20T02:58:18.362Z"}
{"level":"\u001b[32minfo\u001b[39m","message":"{\"method\":\"OPTIONS\",\"url\":\"/api/auth/login\",\"status\":\"500\",\"responseTime\":\"0.963\"}","timestamp":"2025-04-20T02:58:46.419Z"}
{"level":"\u001b[32minfo\u001b[39m","message":"{\"method\":\"OPTIONS\",\"url\":\"/api/auth/login\",\"status\":\"500\",\"responseTime\":\"1.117\"}","timestamp":"2025-04-20T02:58:53.524Z"}
